0 verbose cli C:\Program Files\nodejs\node.exe C:\Program Files\nodejs\node_modules\npm\bin\npm-cli.js
1 info using npm@10.8.1
2 info using node@v20.16.0
3 silly config load:file:C:\Program Files\nodejs\node_modules\npm\npmrc
4 silly config load:file:C:\Users\Asus\OneDrive\Desktop\BookStoreClone\bookStoreApp\Backend\.npmrc
5 silly config load:file:C:\Users\Asus\.npmrc
6 silly config load:file:C:\Users\Asus\AppData\Roaming\npm\etc\npmrc
7 verbose title npm install
8 verbose argv "install"
9 verbose logfile logs-max:10 dir:C:\Users\Asus\OneDrive\Desktop\BookStoreClone\bookStoreApp\Backend\UsersAsusnpm-cache\_logs\2024-07-30T08_49_57_451Z-
10 verbose logfile C:\Users\Asus\OneDrive\Desktop\BookStoreClone\bookStoreApp\Backend\UsersAsusnpm-cache\_logs\2024-07-30T08_49_57_451Z-debug-0.log
11 silly packumentCache heap:2197815296 maxSize:549453824 maxEntrySize:274726912
12 silly logfile done cleaning log files
13 silly idealTree buildDeps
14 verbose shrinkwrap failed to load node_modules/.package-lock.json out of date, updated: node_modules
15 silly reify moves {}
16 silly audit bulk request {
16 silly audit   '@mongodb-js/saslprep': [ '1.1.5' ],
16 silly audit   '@types/webidl-conversions': [ '7.0.3' ],
16 silly audit   '@types/whatwg-url': [ '11.0.4' ],
16 silly audit   abbrev: [ '1.1.1' ],
16 silly audit   accepts: [ '1.3.8' ],
16 silly audit   anymatch: [ '3.1.3' ],
16 silly audit   'array-flatten': [ '1.1.1' ],
16 silly audit   'balanced-match': [ '1.0.2' ],
16 silly audit   bcryptjs: [ '2.4.3' ],
16 silly audit   'binary-extensions': [ '2.3.0' ],
16 silly audit   'body-parser': [ '1.20.2' ],
16 silly audit   'brace-expansion': [ '1.1.11' ],
16 silly audit   braces: [ '3.0.2' ],
16 silly audit   bson: [ '6.5.0' ],
16 silly audit   bytes: [ '3.1.2' ],
16 silly audit   'call-bind': [ '1.0.7' ],
16 silly audit   chokidar: [ '3.6.0' ],
16 silly audit   'concat-map': [ '0.0.1' ],
16 silly audit   'content-disposition': [ '0.5.4' ],
16 silly audit   'content-type': [ '1.0.5' ],
16 silly audit   cookie: [ '0.5.0' ],
16 silly audit   'cookie-signature': [ '1.0.6' ],
16 silly audit   cors: [ '2.8.5' ],
16 silly audit   debug: [ '2.6.9', '4.3.4' ],
16 silly audit   'define-data-property': [ '1.1.4' ],
16 silly audit   depd: [ '2.0.0' ],
16 silly audit   destroy: [ '1.2.0' ],
16 silly audit   dotenv: [ '16.4.5' ],
16 silly audit   'ee-first': [ '1.1.1' ],
16 silly audit   encodeurl: [ '1.0.2' ],
16 silly audit   'es-define-property': [ '1.0.0' ],
16 silly audit   'es-errors': [ '1.3.0' ],
16 silly audit   'escape-html': [ '1.0.3' ],
16 silly audit   etag: [ '1.8.1' ],
16 silly audit   express: [ '4.18.3' ],
16 silly audit   'fill-range': [ '7.0.1' ],
16 silly audit   finalhandler: [ '1.2.0' ],
16 silly audit   forwarded: [ '0.2.0' ],
16 silly audit   fresh: [ '0.5.2' ],
16 silly audit   fsevents: [ '2.3.3' ],
16 silly audit   'function-bind': [ '1.1.2' ],
16 silly audit   'get-intrinsic': [ '1.2.4' ],
16 silly audit   'glob-parent': [ '5.1.2' ],
16 silly audit   gopd: [ '1.0.1' ],
16 silly audit   'has-flag': [ '3.0.0' ],
16 silly audit   'has-property-descriptors': [ '1.0.2' ],
16 silly audit   'has-proto': [ '1.0.3' ],
16 silly audit   'has-symbols': [ '1.0.3' ],
16 silly audit   hasown: [ '2.0.2' ],
16 silly audit   'http-errors': [ '2.0.0' ],
16 silly audit   'iconv-lite': [ '0.4.24' ],
16 silly audit   'ignore-by-default': [ '1.0.1' ],
16 silly audit   inherits: [ '2.0.4' ],
16 silly audit   'ipaddr.js': [ '1.9.1' ],
16 silly audit   'is-binary-path': [ '2.1.0' ],
16 silly audit   'is-extglob': [ '2.1.1' ],
16 silly audit   'is-glob': [ '4.0.3' ],
16 silly audit   'is-number': [ '7.0.0' ],
16 silly audit   kareem: [ '2.5.1' ],
16 silly audit   'lru-cache': [ '6.0.0' ],
16 silly audit   'media-typer': [ '0.3.0' ],
16 silly audit   'memory-pager': [ '1.5.0' ],
16 silly audit   'merge-descriptors': [ '1.0.1' ],
16 silly audit   methods: [ '1.1.2' ],
16 silly audit   mime: [ '1.6.0' ],
16 silly audit   'mime-db': [ '1.52.0' ],
16 silly audit   'mime-types': [ '2.1.35' ],
16 silly audit   minimatch: [ '3.1.2' ],
16 silly audit   mongodb: [ '6.3.0' ],
16 silly audit   'mongodb-connection-string-url': [ '3.0.0' ],
16 silly audit   mongoose: [ '8.2.2' ],
16 silly audit   ms: [ '2.1.3', '2.1.2', '2.0.0' ],
16 silly audit   mpath: [ '0.9.0' ],
16 silly audit   mquery: [ '5.0.0' ],
16 silly audit   negotiator: [ '0.6.3' ],
16 silly audit   nodemon: [ '3.1.0' ],
16 silly audit   nopt: [ '1.0.10' ],
16 silly audit   'normalize-path': [ '3.0.0' ],
16 silly audit   'object-assign': [ '4.1.1' ],
16 silly audit   'object-inspect': [ '1.13.1' ],
16 silly audit   'on-finished': [ '2.4.1' ],
16 silly audit   parseurl: [ '1.3.3' ],
16 silly audit   'path-to-regexp': [ '0.1.7' ],
16 silly audit   picomatch: [ '2.3.1' ],
16 silly audit   'proxy-addr': [ '2.0.7' ],
16 silly audit   'pstree.remy': [ '1.1.8' ],
16 silly audit   punycode: [ '2.3.1' ],
16 silly audit   qs: [ '6.11.0' ],
16 silly audit   'range-parser': [ '1.2.1' ],
16 silly audit   'raw-body': [ '2.5.2' ],
16 silly audit   readdirp: [ '3.6.0' ],
16 silly audit   'safe-buffer': [ '5.2.1' ],
16 silly audit   'safer-buffer': [ '2.1.2' ],
16 silly audit   semver: [ '7.6.0' ],
16 silly audit   send: [ '0.18.0' ],
16 silly audit   'serve-static': [ '1.15.0' ],
16 silly audit   'set-function-length': [ '1.2.2' ],
16 silly audit   setprototypeof: [ '1.2.0' ],
16 silly audit   'side-channel': [ '1.0.6' ],
16 silly audit   sift: [ '16.0.1' ],
16 silly audit   'simple-update-notifier': [ '2.0.0' ],
16 silly audit   'sparse-bitfield': [ '3.0.3' ],
16 silly audit   statuses: [ '2.0.1' ],
16 silly audit   'supports-color': [ '5.5.0' ],
16 silly audit   'to-regex-range': [ '5.0.1' ],
16 silly audit   toidentifier: [ '1.0.1' ],
16 silly audit   touch: [ '3.1.0' ],
16 silly audit   tr46: [ '4.1.1' ],
16 silly audit   'type-is': [ '1.6.18' ],
16 silly audit   undefsafe: [ '2.0.5' ],
16 silly audit   unpipe: [ '1.0.0' ],
16 silly audit   'utils-merge': [ '1.0.1' ],
16 silly audit   vary: [ '1.1.2' ],
16 silly audit   'webidl-conversions': [ '7.0.0' ],
16 silly audit   'whatwg-url': [ '13.0.0' ],
16 silly audit   yallist: [ '4.0.0' ]
16 silly audit }
17 verbose reify failed optional dependency C:\Users\Asus\OneDrive\Desktop\BookStoreClone\bookStoreApp\Backend\node_modules\fsevents
18 silly reify mark deleted [
18 silly reify   'C:\\Users\\Asus\\OneDrive\\Desktop\\BookStoreClone\\bookStoreApp\\Backend\\node_modules\\fsevents'
18 silly reify ]
19 http fetch GET 200 https://registry.npmjs.org/npm 349ms
20 http fetch POST 200 https://registry.npmjs.org/-/npm/v1/security/advisories/bulk 612ms
21 silly audit report {
21 silly audit report   braces: [
21 silly audit report     {
21 silly audit report       id: 1098094,
21 silly audit report       url: 'https://github.com/advisories/GHSA-grv7-fg5c-xmjg',
21 silly audit report       title: 'Uncontrolled resource consumption in braces',
21 silly audit report       severity: 'high',
21 silly audit report       vulnerable_versions: '<3.0.3',
21 silly audit report       cwe: [Array],
21 silly audit report       cvss: [Object]
21 silly audit report     }
21 silly audit report   ],
21 silly audit report   express: [
21 silly audit report     {
21 silly audit report       id: 1096820,
21 silly audit report       url: 'https://github.com/advisories/GHSA-rv95-896h-c2vc',
21 silly audit report       title: 'Express.js Open Redirect in malformed URLs',
21 silly audit report       severity: 'moderate',
21 silly audit report       vulnerable_versions: '<4.19.2',
21 silly audit report       cwe: [Array],
21 silly audit report       cvss: [Object]
21 silly audit report     }
21 silly audit report   ]
21 silly audit report }
22 silly packumentCache corgi:https://registry.npmjs.org/braces cache-miss
23 silly packumentCache corgi:https://registry.npmjs.org/express cache-miss
24 http fetch GET 200 https://registry.npmjs.org/express 191ms (cache miss)
25 silly packumentCache corgi:https://registry.npmjs.org/express set size:undefined disposed:false
26 http fetch GET 200 https://registry.npmjs.org/braces 930ms (cache miss)
27 silly packumentCache corgi:https://registry.npmjs.org/braces set size:undefined disposed:false
28 silly packumentCache corgi:https://registry.npmjs.org/chokidar cache-miss
29 http fetch GET 200 https://registry.npmjs.org/chokidar 198ms (cache miss)
30 silly packumentCache corgi:https://registry.npmjs.org/chokidar set size:undefined disposed:false
31 silly ADD
32 verbose cwd C:\Users\Asus\OneDrive\Desktop\BookStoreClone\bookStoreApp\Backend
33 verbose os Windows_NT 10.0.22621
34 verbose node v20.16.0
35 verbose npm  v10.8.1
36 notice
36 notice New [36mpatch[39m version of npm available! [36m10.8.1[39m -> [34m10.8.2[39m
36 notice Changelog: [34mhttps://github.com/npm/cli/releases/tag/v10.8.2[39m
36 notice To update run: [4mnpm install -g npm@10.8.2[24m
36 notice  { force: true, [Symbol(proc-log.meta)]: true }
37 verbose exit 0
38 info ok
